<?xml version="1.0" encoding="UTF-8"?>
<!-- Generated by org.testng.reporters.JUnitReportReporter -->
<testsuite skipped="0" hostname="LAPTOP-DRACJQQV" name="com.crm.qa.testcases.ContextPageTest" tests="3" failures="0" timestamp="2020-09-22T10:47:53 IST" time="83.019" errors="0">
  <testcase name="contactsTextTest" time="27.071" classname="com.crm.qa.testcases.ContextPageTest"/>
  <system-out/>
  <testcase name="selectContactByNameTest" time="26.389" classname="com.crm.qa.testcases.ContextPageTest"/>
  <system-out/>
  <testcase name="selectContacstByNameTest" time="29.559" classname="com.crm.qa.testcases.ContextPageTest"/>
  <system-out/>
</testsuite> <!-- com.crm.qa.testcases.ContextPageTest -->
