<?xml version="1.0" encoding="UTF-8"?>
<!-- Generated by org.testng.reporters.JUnitReportReporter -->
<testsuite skipped="0" hostname="LAPTOP-DRACJQQV" name="com.crm.qa.base.myntraTest" tests="1" failures="0" timestamp="2020-11-30T20:50:51 IST" time="23.451" errors="0">
  <testcase name="loginMyntra" time="23.451" classname="com.crm.qa.base.myntraTest"/>
  <system-out/>
</testsuite> <!-- com.crm.qa.base.myntraTest -->
